2026-01-21 19:05:08.270 | INFO     | src.core.logger:log_event:23 - {"event": "error", "input": {"message": "PredictService.single() missing 1 required positional argument: 'input'"}}
2026-01-21 19:11:58.682 | INFO     | src.core.logger:log_event:23 - {"event": "prediction", "input": {"airline": "AA", "origin": "SFO", "destination": "LAX", "distance_km": 3000.0, "day_of_week": 3, "hour": 23}}
2026-01-21 19:11:58.732 | INFO     | src.core.logger:log_event:23 - {"event": "error", "input": {"message": "If using all scalar values, you must pass an index"}}
2026-01-21 19:15:45.735 | INFO     | src.core.logger:log_event:23 - {"event": "prediction", "input": {"airline": "AA", "origin": "SFO", "destination": "LAX", "distance_km": 3000.0, "day_of_week": 3, "hour": 23}}
2026-01-21 19:15:45.784 | INFO     | src.core.logger:log_event:23 - {"event": "error", "input": {"message": "'Pipeline' object has no attribute 'peddict_proba'"}}
2026-01-21 19:18:21.637 | INFO     | src.core.logger:log_event:23 - {"event": "prediction", "input": {"airline": "AA", "origin": "SFO", "destination": "LAX", "distance_km": 3000.0, "day_of_week": 3, "hour": 23}}
2026-01-21 19:18:25.723 | INFO     | src.core.logger:log_event:23 - {"event": "prediction", "input": {"airline": "AA", "origin": "SFO", "destination": "LAX", "distance_km": 3000.0, "day_of_week": 3, "hour": 23}}
2026-01-21 19:18:26.339 | INFO     | src.core.logger:log_event:23 - {"event": "prediction", "input": {"airline": "AA", "origin": "SFO", "destination": "LAX", "distance_km": 3000.0, "day_of_week": 3, "hour": 23}}
2026-01-21 19:18:26.566 | INFO     | src.core.logger:log_event:23 - {"event": "prediction", "input": {"airline": "AA", "origin": "SFO", "destination": "LAX", "distance_km": 3000.0, "day_of_week": 3, "hour": 23}}
2026-01-21 19:18:26.803 | INFO     | src.core.logger:log_event:23 - {"event": "prediction", "input": {"airline": "AA", "origin": "SFO", "destination": "LAX", "distance_km": 3000.0, "day_of_week": 3, "hour": 23}}
2026-01-21 19:20:00.991 | INFO     | src.core.logger:log_event:23 - {"event": "prediction", "input": {"airline": "AA", "origin": "SFO", "destination": "LAX", "distance_km": 3000.0, "day_of_week": 3, "hour": 23}}
2026-01-21 19:20:15.400 | INFO     | src.core.logger:log_event:23 - {"event": "prediction", "input": {"airline": "AA", "origin": "SFO", "destination": "LAX", "distance_km": 3000.0, "day_of_week": 5, "hour": 23}}
2026-01-21 19:20:17.922 | INFO     | src.core.logger:log_event:23 - {"event": "prediction", "input": {"airline": "AA", "origin": "SFO", "destination": "LAX", "distance_km": 3000.0, "day_of_week": 5, "hour": 23}}
2026-01-21 19:20:18.719 | INFO     | src.core.logger:log_event:23 - {"event": "prediction", "input": {"airline": "AA", "origin": "SFO", "destination": "LAX", "distance_km": 3000.0, "day_of_week": 5, "hour": 23}}
2026-01-21 19:20:19.008 | INFO     | src.core.logger:log_event:23 - {"event": "prediction", "input": {"airline": "AA", "origin": "SFO", "destination": "LAX", "distance_km": 3000.0, "day_of_week": 5, "hour": 23}}
2026-01-21 19:20:19.207 | INFO     | src.core.logger:log_event:23 - {"event": "prediction", "input": {"airline": "AA", "origin": "SFO", "destination": "LAX", "distance_km": 3000.0, "day_of_week": 5, "hour": 23}}
2026-01-21 19:20:38.019 | INFO     | src.core.logger:log_event:23 - {"event": "prediction", "input": {"airline": "AA", "origin": "SOQ", "destination": "LAX", "distance_km": 3000.0, "day_of_week": 5, "hour": 23}}
2026-01-21 19:20:40.813 | INFO     | src.core.logger:log_event:23 - {"event": "prediction", "input": {"airline": "AA", "origin": "SOQ", "destination": "LAX", "distance_km": 3000.0, "day_of_week": 5, "hour": 23}}
2026-01-21 19:20:46.300 | INFO     | src.core.logger:log_event:23 - {"event": "prediction", "input": {"airline": "AA", "origin": "SQQ", "destination": "LAX", "distance_km": 3000.0, "day_of_week": 5, "hour": 23}}
2026-01-21 19:20:52.502 | INFO     | src.core.logger:log_event:23 - {"event": "prediction", "input": {"airline": "AA", "origin": "SWQ", "destination": "LAX", "distance_km": 3000.0, "day_of_week": 5, "hour": 23}}
2026-01-21 19:21:10.658 | INFO     | src.core.logger:log_event:23 - {"event": "prediction", "input": {"airline": "AA", "origin": "AAA", "destination": "LAX", "distance_km": 3000.0, "day_of_week": 5, "hour": 23}}
2026-01-21 19:21:12.756 | INFO     | src.core.logger:log_event:23 - {"event": "prediction", "input": {"airline": "AA", "origin": "AAA", "destination": "LAX", "distance_km": 3000.0, "day_of_week": 5, "hour": 23}}
2026-01-21 19:21:21.422 | INFO     | src.core.logger:log_event:23 - {"event": "prediction", "input": {"airline": "AA", "origin": "BBB", "destination": "LAX", "distance_km": 3000.0, "day_of_week": 5, "hour": 23}}
2026-01-21 19:21:28.547 | INFO     | src.core.logger:log_event:23 - {"event": "prediction", "input": {"airline": "AA", "origin": "CDF", "destination": "LAX", "distance_km": 3000.0, "day_of_week": 5, "hour": 23}}
2026-01-21 19:21:37.277 | INFO     | src.core.logger:log_event:23 - {"event": "prediction", "input": {"airline": "AA", "origin": "QYT", "destination": "LAX", "distance_km": 3000.0, "day_of_week": 5, "hour": 23}}
2026-01-21 19:21:57.022 | INFO     | src.core.logger:log_event:23 - {"event": "prediction", "input": {"airline": "AA", "origin": "HAY", "destination": "LAX", "distance_km": 3000.0, "day_of_week": 5, "hour": 23}}
2026-01-21 19:22:10.218 | INFO     | src.core.logger:log_event:23 - {"event": "prediction", "input": {"airline": "AA", "origin": "HAY", "destination": "LAX", "distance_km": 3000.0, "day_of_week": 6, "hour": 23}}
2026-01-21 19:22:11.565 | INFO     | src.core.logger:log_event:23 - {"event": "prediction", "input": {"airline": "AA", "origin": "HAY", "destination": "LAX", "distance_km": 3000.0, "day_of_week": 6, "hour": 23}}
2026-01-21 19:22:12.250 | INFO     | src.core.logger:log_event:23 - {"event": "prediction", "input": {"airline": "AA", "origin": "HAY", "destination": "LAX", "distance_km": 3000.0, "day_of_week": 6, "hour": 23}}
2026-01-21 19:22:20.132 | INFO     | src.core.logger:log_event:23 - {"event": "prediction", "input": {"airline": "AA", "origin": "HAY", "destination": "LAX", "distance_km": 10000.0, "day_of_week": 6, "hour": 23}}
2026-01-21 19:22:21.879 | INFO     | src.core.logger:log_event:23 - {"event": "prediction", "input": {"airline": "AA", "origin": "HAY", "destination": "LAX", "distance_km": 10000.0, "day_of_week": 6, "hour": 23}}
2026-01-21 19:22:44.667 | INFO     | src.core.logger:log_event:23 - {"event": "prediction", "input": {"airline": "AA", "origin": "HAY", "destination": "LAX", "distance_km": 5040.0, "day_of_week": 6, "hour": 23}}
2026-01-21 19:23:04.757 | INFO     | src.core.logger:log_event:23 - {"event": "prediction", "input": {"airline": "SA", "origin": "HAY", "destination": "LAX", "distance_km": 5040.0, "day_of_week": 6, "hour": 23}}
2026-01-21 19:23:21.170 | INFO     | src.core.logger:log_event:23 - {"event": "prediction", "input": {"airline": "SA", "origin": "HAY", "destination": "LAX", "distance_km": 5040.0, "day_of_week": 6, "hour": 23}}
2026-01-22 07:56:34.033 | INFO     | src.core.logger:log_event:23 - {"event": "error", "input": {"message": "[TypeError(\"'coroutine' object is not iterable\"), TypeError('vars() argument must have __dict__ attribute')]"}}
2026-01-22 07:56:39.870 | INFO     | src.core.logger:log_event:23 - {"event": "error", "input": {"message": "[TypeError(\"'coroutine' object is not iterable\"), TypeError('vars() argument must have __dict__ attribute')]"}}
2026-01-22 07:58:37.573 | INFO     | src.core.logger:log_event:23 - {"event": "error", "input": {"message": "[TypeError(\"'coroutine' object is not iterable\"), TypeError('vars() argument must have __dict__ attribute')]"}}
2026-01-22 07:58:39.802 | INFO     | src.core.logger:log_event:23 - {"event": "error", "input": {"message": "[TypeError(\"'coroutine' object is not iterable\"), TypeError('vars() argument must have __dict__ attribute')]"}}
2026-01-22 07:58:40.610 | INFO     | src.core.logger:log_event:23 - {"event": "error", "input": {"message": "[TypeError(\"'coroutine' object is not iterable\"), TypeError('vars() argument must have __dict__ attribute')]"}}
2026-01-22 07:58:41.199 | INFO     | src.core.logger:log_event:23 - {"event": "error", "input": {"message": "[TypeError(\"'coroutine' object is not iterable\"), TypeError('vars() argument must have __dict__ attribute')]"}}
2026-01-22 07:58:41.463 | INFO     | src.core.logger:log_event:23 - {"event": "error", "input": {"message": "[TypeError(\"'coroutine' object is not iterable\"), TypeError('vars() argument must have __dict__ attribute')]"}}
2026-01-22 07:58:41.703 | INFO     | src.core.logger:log_event:23 - {"event": "error", "input": {"message": "[TypeError(\"'coroutine' object is not iterable\"), TypeError('vars() argument must have __dict__ attribute')]"}}
2026-01-22 07:58:42.228 | INFO     | src.core.logger:log_event:23 - {"event": "error", "input": {"message": "[TypeError(\"'coroutine' object is not iterable\"), TypeError('vars() argument must have __dict__ attribute')]"}}
2026-01-22 07:59:31.284 | INFO     | src.core.logger:log_event:23 - {"event": "error", "input": {"message": "[TypeError(\"'coroutine' object is not iterable\"), TypeError('vars() argument must have __dict__ attribute')]"}}
2026-01-22 08:01:12.970 | INFO     | src.core.logger:log_event:23 - {"event": "error", "input": {"message": "[TypeError(\"'coroutine' object is not iterable\"), TypeError('vars() argument must have __dict__ attribute')]"}}
2026-01-22 08:01:15.258 | INFO     | src.core.logger:log_event:23 - {"event": "error", "input": {"message": "[TypeError(\"'coroutine' object is not iterable\"), TypeError('vars() argument must have __dict__ attribute')]"}}
2026-01-22 08:01:24.765 | INFO     | src.core.logger:log_event:23 - {"event": "error", "input": {"message": "[TypeError(\"'coroutine' object is not iterable\"), TypeError('vars() argument must have __dict__ attribute')]"}}
2026-01-22 08:01:27.344 | INFO     | src.core.logger:log_event:23 - {"event": "error", "input": {"message": "[TypeError(\"'coroutine' object is not iterable\"), TypeError('vars() argument must have __dict__ attribute')]"}}
2026-01-22 08:04:34.966 | INFO     | src.core.logger:log_event:23 - {"event": "error", "input": {"message": "1 validation error:\n  {'type': 'model_attributes_type', 'loc': ('response',), 'msg': 'Input should be a valid dictionary or object to extract fields from', 'input': <coroutine object PredictService.single at 0x71e6b191ea70>}\n\n  File \"/home/wanderlee/Desktop/Hackaton-Flightdelay/microservice/.venv/lib/python3.12/site-packages/slowapi/extension.py\", line 8, in predict\n    POST /predict/"}}
2026-01-22 08:05:50.480 | INFO     | src.core.logger:log_event:23 - {"event": "error", "input": {"message": "Invalid file type. Expected .csv, got .pdf"}}
2026-01-22 08:06:25.302 | INFO     | src.core.logger:log_event:23 - {"event": "error", "input": {"message": "Invalid file type. Expected .csv, got .zip"}}
2026-01-22 08:06:44.159 | INFO     | src.core.logger:log_event:23 - {"event": "error", "input": {"message": "Columns not in CSV file {'hour', 'distance_km', 'day_of_week'}"}}
2026-01-22 08:16:24.524 | INFO     | src.core.logger:log_event:23 - {"event": "error", "input": {"message": "'coroutine' object has no attribute 'to_dict'"}}
2026-01-22 08:16:27.642 | INFO     | src.core.logger:log_event:23 - {"event": "error", "input": {"message": "'coroutine' object has no attribute 'to_dict'"}}
2026-01-22 08:26:11.580 | INFO     | src.core.logger:log_event:23 - {"event": "error", "input": {"message": "Input X contains NaN.\nLogisticRegression does not accept missing values encoded as NaN natively. For supervised learning, you might want to consider sklearn.ensemble.HistGradientBoostingClassifier and Regressor which accept missing values encoded as NaNs natively. Alternatively, it is possible to preprocess the data, for instance by using an imputer transformer in a pipeline or drop samples with missing values. See https://scikit-learn.org/stable/modules/impute.html You can find a list of all estimators that handle NaN values at the following page: https://scikit-learn.org/stable/modules/impute.html#estimators-that-handle-nan-values"}}
2026-01-22 08:26:15.840 | INFO     | src.core.logger:log_event:23 - {"event": "error", "input": {"message": "Input X contains NaN.\nLogisticRegression does not accept missing values encoded as NaN natively. For supervised learning, you might want to consider sklearn.ensemble.HistGradientBoostingClassifier and Regressor which accept missing values encoded as NaNs natively. Alternatively, it is possible to preprocess the data, for instance by using an imputer transformer in a pipeline or drop samples with missing values. See https://scikit-learn.org/stable/modules/impute.html You can find a list of all estimators that handle NaN values at the following page: https://scikit-learn.org/stable/modules/impute.html#estimators-that-handle-nan-values"}}
2026-01-22 08:33:14.635 | INFO     | src.core.logger:log_event:23 - {"event": "prediction", "input": {"airline": "AA", "origin": "SFO", "destination": "LAX", "distance_km": 3000.0, "day_of_week": 3, "hour": 23}}
2026-01-22 08:33:14.640 | INFO     | src.core.logger:log_event:23 - {"event": "error", "input": {"message": "'coroutine' object has no attribute 'iloc'"}}
2026-01-22 08:35:52.790 | INFO     | src.core.logger:log_event:23 - {"event": "prediction", "input": {"airline": "AA", "origin": "SFO", "destination": "LAX", "distance_km": 3000.0, "day_of_week": 3, "hour": 23}}
2026-01-22 08:38:07.757 | INFO     | src.core.logger:log_event:23 - {"event": "prediction", "input": {"airline": "AA", "origin": "SFO", "destination": "LAX", "distance_km": 3000.0, "day_of_week": 3, "hour": 23}}
2026-01-22 08:38:08.530 | INFO     | src.core.logger:log_event:23 - {"event": "prediction", "input": {"airline": "AA", "origin": "SFO", "destination": "LAX", "distance_km": 3000.0, "day_of_week": 3, "hour": 23}}
2026-01-22 08:38:10.407 | INFO     | src.core.logger:log_event:23 - {"event": "prediction", "input": {"airline": "AA", "origin": "SFO", "destination": "LAX", "distance_km": 3000.0, "day_of_week": 3, "hour": 23}}
2026-01-22 08:38:10.684 | INFO     | src.core.logger:log_event:23 - {"event": "prediction", "input": {"airline": "AA", "origin": "SFO", "destination": "LAX", "distance_km": 3000.0, "day_of_week": 3, "hour": 23}}
2026-01-22 08:38:10.932 | INFO     | src.core.logger:log_event:23 - {"event": "prediction", "input": {"airline": "AA", "origin": "SFO", "destination": "LAX", "distance_km": 3000.0, "day_of_week": 3, "hour": 23}}
2026-01-22 08:38:26.909 | INFO     | src.core.logger:log_event:23 - {"event": "error", "input": {"message": "Columns not in CSV file {'day_of_week', 'hour', 'distance_km'}"}}
2026-01-22 08:46:13.889 | INFO     | src.core.logger:log_event:23 - {"event": "prediction", "input": {"airline": "AA", "origin": "SFO", "destination": "LAX", "distance_km": 3000.0, "day_of_week": 3, "hour": 23}}
2026-01-22 09:09:34.173 | INFO     | src.core.logger:log_event:23 - {"event": "prediction", "input": {"airline": "AA", "origin": "SFO", "destination": "LAX", "distance_km": 3000.0, "day_of_week": 3, "hour": 23}}
2026-01-22 09:09:35.889 | INFO     | src.core.logger:log_event:23 - {"event": "prediction", "input": {"airline": "AA", "origin": "SFO", "destination": "LAX", "distance_km": 3000.0, "day_of_week": 3, "hour": 23}}
2026-01-22 09:09:36.285 | INFO     | src.core.logger:log_event:23 - {"event": "prediction", "input": {"airline": "AA", "origin": "SFO", "destination": "LAX", "distance_km": 3000.0, "day_of_week": 3, "hour": 23}}
2026-01-22 09:09:36.480 | INFO     | src.core.logger:log_event:23 - {"event": "prediction", "input": {"airline": "AA", "origin": "SFO", "destination": "LAX", "distance_km": 3000.0, "day_of_week": 3, "hour": 23}}
2026-01-22 09:10:06.657 | INFO     | src.core.logger:log_event:23 - {"event": "error", "input": {"message": "2 validation errors for ResponsePredictionBatch\norigin\n  String should have at most 3 characters [type=string_too_long, input_value='KJFK', input_type=str]\n    For further information visit https://errors.pydantic.dev/2.12/v/string_too_long\ndestination\n  String should have at most 3 characters [type=string_too_long, input_value='KLAX', input_type=str]\n    For further information visit https://errors.pydantic.dev/2.12/v/string_too_long"}}
2026-01-22 09:10:08.924 | INFO     | src.core.logger:log_event:23 - {"event": "error", "input": {"message": "2 validation errors for ResponsePredictionBatch\norigin\n  String should have at most 3 characters [type=string_too_long, input_value='KJFK', input_type=str]\n    For further information visit https://errors.pydantic.dev/2.12/v/string_too_long\ndestination\n  String should have at most 3 characters [type=string_too_long, input_value='KLAX', input_type=str]\n    For further information visit https://errors.pydantic.dev/2.12/v/string_too_long"}}
2026-01-22 09:12:18.028 | INFO     | src.core.logger:log_event:23 - {"event": "prediction", "input": {"airline": "AA", "origin": "SFO", "destination": "LAX", "distance_km": 3000.0, "day_of_week": 3, "hour": 23}}
2026-01-22 09:12:49.778 | INFO     | src.core.logger:log_event:23 - {"event": "prediction", "input": {"airline": "AA", "origin": "SFO", "destination": "LAX", "distance_km": 3000.0, "day_of_week": 3, "hour": 23}}
2026-01-22 09:12:52.728 | INFO     | src.core.logger:log_event:23 - {"event": "error", "input": {"message": "1 validation error for ResponsePredictionBatch\nday_of_week\n  Input should be less than or equal to 6 [type=less_than_equal, input_value=10, input_type=int]\n    For further information visit https://errors.pydantic.dev/2.12/v/less_than_equal"}}
2026-01-22 09:12:56.156 | INFO     | src.core.logger:log_event:23 - {"event": "error", "input": {"message": "1 validation error for ResponsePredictionBatch\nday_of_week\n  Input should be less than or equal to 6 [type=less_than_equal, input_value=10, input_type=int]\n    For further information visit https://errors.pydantic.dev/2.12/v/less_than_equal"}}
2026-01-22 09:13:16.357 | INFO     | src.core.logger:log_event:23 - {"event": "error", "input": {"message": "1 validation error for ResponsePredictionBatch\nday_of_week\n  Input should be less than or equal to 6 [type=less_than_equal, input_value=10, input_type=int]\n    For further information visit https://errors.pydantic.dev/2.12/v/less_than_equal"}}
2026-01-22 09:14:42.913 | INFO     | src.core.logger:log_event:23 - {"event": "prediction", "input": {"airline": "AA", "origin": "SFO", "destination": "LAX", "distance_km": 3000.0, "day_of_week": 3, "hour": 23}}
2026-01-22 11:56:47.399 | INFO     | src.core.logger:log_event:23 - {"event": "prediction", "input": {"airline": "AA", "origin": "SFO", "destination": "LAX", "distance_km": 3000.0, "day_of_week": 3, "hour": 23}}
2026-01-22 11:56:49.827 | INFO     | src.core.logger:log_event:23 - {"event": "prediction", "input": {"airline": "AA", "origin": "SFO", "destination": "LAX", "distance_km": 3000.0, "day_of_week": 3, "hour": 23}}
2026-01-22 11:56:50.308 | INFO     | src.core.logger:log_event:23 - {"event": "prediction", "input": {"airline": "AA", "origin": "SFO", "destination": "LAX", "distance_km": 3000.0, "day_of_week": 3, "hour": 23}}
2026-01-22 11:56:52.967 | INFO     | src.core.logger:log_event:23 - {"event": "prediction", "input": {"airline": "AA", "origin": "SFO", "destination": "LAX", "distance_km": 3000.0, "day_of_week": 3, "hour": 23}}
2026-01-22 11:56:53.560 | INFO     | src.core.logger:log_event:23 - {"event": "prediction", "input": {"airline": "AA", "origin": "SFO", "destination": "LAX", "distance_km": 3000.0, "day_of_week": 3, "hour": 23}}
2026-01-22 11:56:53.831 | INFO     | src.core.logger:log_event:23 - {"event": "prediction", "input": {"airline": "AA", "origin": "SFO", "destination": "LAX", "distance_km": 3000.0, "day_of_week": 3, "hour": 23}}
2026-01-22 11:57:09.773 | INFO     | src.core.logger:log_event:23 - {"event": "prediction", "input": {"airline": "AA", "origin": "SFO", "destination": "LAX", "distance_km": 3000.0, "day_of_week": 6, "hour": 23}}
2026-01-22 11:57:16.381 | INFO     | src.core.logger:log_event:23 - {"event": "prediction", "input": {"airline": "AA", "origin": "SFO", "destination": "LAX", "distance_km": 3000.0, "day_of_week": 6, "hour": 11}}
2026-01-22 11:57:18.683 | INFO     | src.core.logger:log_event:23 - {"event": "prediction", "input": {"airline": "AA", "origin": "SFO", "destination": "LAX", "distance_km": 3000.0, "day_of_week": 6, "hour": 11}}
2026-01-22 11:57:25.063 | INFO     | src.core.logger:log_event:23 - {"event": "prediction", "input": {"airline": "AA", "origin": "SFO", "destination": "LAX", "distance_km": 3000.0, "day_of_week": 6, "hour": 5}}
2026-01-22 13:54:35.783 | INFO     | src.core.logger:log_event:23 - {"event": "prediction", "input": {"airline": "AA", "origin": "SFO", "destination": "LAX", "distance_km": 3000.0, "day_of_week": 3, "hour": 23}}
2026-01-22 14:01:01.820 | INFO     | src.core.logger:log_event:23 - {"event": "error", "input": {"message": "validation error"}}
2026-01-22 14:01:01.820 | INFO     | src.core.logger:log_event:23 - {"event": "error", "input": {"message": "Object of type ValidationResponse is not JSON serializable"}}
2026-01-22 14:01:04.469 | INFO     | src.core.logger:log_event:23 - {"event": "error", "input": {"message": "validation error"}}
2026-01-22 14:01:04.469 | INFO     | src.core.logger:log_event:23 - {"event": "error", "input": {"message": "Object of type ValidationResponse is not JSON serializable"}}
2026-01-22 14:01:05.113 | INFO     | src.core.logger:log_event:23 - {"event": "error", "input": {"message": "validation error"}}
2026-01-22 14:01:05.114 | INFO     | src.core.logger:log_event:23 - {"event": "error", "input": {"message": "Object of type ValidationResponse is not JSON serializable"}}
2026-01-22 14:01:05.666 | INFO     | src.core.logger:log_event:23 - {"event": "error", "input": {"message": "validation error"}}
2026-01-22 14:01:05.666 | INFO     | src.core.logger:log_event:23 - {"event": "error", "input": {"message": "Object of type ValidationResponse is not JSON serializable"}}
2026-01-22 14:01:05.986 | INFO     | src.core.logger:log_event:23 - {"event": "error", "input": {"message": "validation error"}}
2026-01-22 14:01:05.986 | INFO     | src.core.logger:log_event:23 - {"event": "error", "input": {"message": "Object of type ValidationResponse is not JSON serializable"}}
2026-01-22 14:01:28.534 | INFO     | src.core.logger:log_event:23 - {"event": "error", "input": {"message": "validation error"}}
2026-01-22 14:01:28.535 | INFO     | src.core.logger:log_event:23 - {"event": "error", "input": {"message": "Object of type ValidationResponse is not JSON serializable"}}
2026-01-22 14:02:10.335 | INFO     | src.core.logger:log_event:23 - {"event": "error", "input": {"message": "validation error"}}
2026-01-22 14:11:16.979 | INFO     | src.core.logger:log_event:23 - {"event": "error", "input": {"message": "1 validation error for ResponsePredictionBatch\n  Input should be a valid dictionary or instance of ResponsePredictionBatch [type=model_type, input_value=[{'airline': 'AA', 'origi...': 8, 'day_of_week': 6}], input_type=list]\n    For further information visit https://errors.pydantic.dev/2.12/v/model_type"}}
2026-01-22 14:11:19.738 | INFO     | src.core.logger:log_event:23 - {"event": "error", "input": {"message": "1 validation error for ResponsePredictionBatch\n  Input should be a valid dictionary or instance of ResponsePredictionBatch [type=model_type, input_value=[{'airline': 'AA', 'origi...': 8, 'day_of_week': 6}], input_type=list]\n    For further information visit https://errors.pydantic.dev/2.12/v/model_type"}}
2026-01-22 14:21:13.821 | INFO     | src.core.logger:log_event:23 - {"event": "error", "input": {"message": "2 validation errors for ResponsePredictionBatch\ndelay_prediction\n  Field required [type=missing, input_value={'airline': 'AA', 'origin...r': 5, 'day_of_week': 2}, input_type=dict]\n    For further information visit https://errors.pydantic.dev/2.12/v/missing\ndelay_probability\n  Field required [type=missing, input_value={'airline': 'AA', 'origin...r': 5, 'day_of_week': 2}, input_type=dict]\n    For further information visit https://errors.pydantic.dev/2.12/v/missing"}}
2026-01-22 14:21:15.859 | INFO     | src.core.logger:log_event:23 - {"event": "error", "input": {"message": "2 validation errors for ResponsePredictionBatch\ndelay_prediction\n  Field required [type=missing, input_value={'airline': 'AA', 'origin...r': 5, 'day_of_week': 2}, input_type=dict]\n    For further information visit https://errors.pydantic.dev/2.12/v/missing\ndelay_probability\n  Field required [type=missing, input_value={'airline': 'AA', 'origin...r': 5, 'day_of_week': 2}, input_type=dict]\n    For further information visit https://errors.pydantic.dev/2.12/v/missing"}}
2026-01-22 14:21:16.645 | INFO     | src.core.logger:log_event:23 - {"event": "error", "input": {"message": "2 validation errors for ResponsePredictionBatch\ndelay_prediction\n  Field required [type=missing, input_value={'airline': 'AA', 'origin...r': 5, 'day_of_week': 2}, input_type=dict]\n    For further information visit https://errors.pydantic.dev/2.12/v/missing\ndelay_probability\n  Field required [type=missing, input_value={'airline': 'AA', 'origin...r': 5, 'day_of_week': 2}, input_type=dict]\n    For further information visit https://errors.pydantic.dev/2.12/v/missing"}}
2026-01-22 14:22:05.697 | INFO     | src.core.logger:log_event:23 - {"event": "error", "input": {"message": "2 validation errors for PredictionRequest\norigin\n  String should have at most 3 characters [type=string_too_long, input_value='KJFK', input_type=str]\n    For further information visit https://errors.pydantic.dev/2.12/v/string_too_long\ndestination\n  String should have at most 3 characters [type=string_too_long, input_value='KLAX', input_type=str]\n    For further information visit https://errors.pydantic.dev/2.12/v/string_too_long"}}
2026-01-22 14:22:07.467 | INFO     | src.core.logger:log_event:23 - {"event": "error", "input": {"message": "2 validation errors for PredictionRequest\norigin\n  String should have at most 3 characters [type=string_too_long, input_value='KJFK', input_type=str]\n    For further information visit https://errors.pydantic.dev/2.12/v/string_too_long\ndestination\n  String should have at most 3 characters [type=string_too_long, input_value='KLAX', input_type=str]\n    For further information visit https://errors.pydantic.dev/2.12/v/string_too_long"}}
2026-01-22 14:22:08.158 | INFO     | src.core.logger:log_event:23 - {"event": "error", "input": {"message": "2 validation errors for PredictionRequest\norigin\n  String should have at most 3 characters [type=string_too_long, input_value='KJFK', input_type=str]\n    For further information visit https://errors.pydantic.dev/2.12/v/string_too_long\ndestination\n  String should have at most 3 characters [type=string_too_long, input_value='KLAX', input_type=str]\n    For further information visit https://errors.pydantic.dev/2.12/v/string_too_long"}}
2026-01-22 14:29:27.292 | INFO     | src.core.logger:log_event:23 - {"event": "error", "input": {"message": "validation error"}}
2026-01-22 14:29:27.297 | INFO     | src.core.logger:log_event:23 - {"event": "error", "input": {"message": "validation error"}}
2026-01-22 14:29:27.297 | INFO     | src.core.logger:log_event:23 - {"event": "error", "input": {"message": "validation error"}}
2026-01-22 14:29:42.225 | INFO     | src.core.logger:log_event:23 - {"event": "error", "input": {"message": "validation error"}}
2026-01-22 14:32:43.332 | INFO     | src.core.logger:log_event:23 - {"event": "error", "input": {"message": "validation error"}}
2026-01-22 14:32:46.263 | INFO     | src.core.logger:log_event:23 - {"event": "error", "input": {"message": "validation error"}}
2026-01-22 14:38:15.908 | INFO     | src.core.logger:log_event:23 - {"event": "prediction", "input": {"airline": "AA", "origin": "SFO", "destination": "LAX", "distance_km": 3000.0, "day_of_week": 3, "hour": 23}}
2026-01-22 14:38:25.520 | INFO     | src.core.logger:log_event:23 - {"event": "prediction", "input": {"airline": "AA", "origin": "SFO", "destination": "LAX", "distance_km": 3000.0, "day_of_week": 3, "hour": 23}}
2026-01-22 14:38:30.513 | INFO     | src.core.logger:log_event:23 - {"event": "error", "input": {"message": "validation error"}}
2026-01-22 14:38:33.404 | INFO     | src.core.logger:log_event:23 - {"event": "error", "input": {"message": "validation error"}}
2026-01-22 14:38:33.975 | INFO     | src.core.logger:log_event:23 - {"event": "error", "input": {"message": "validation error"}}
2026-01-22 14:38:35.558 | INFO     | src.core.logger:log_event:23 - {"event": "error", "input": {"message": "validation error"}}
2026-01-22 14:38:35.818 | INFO     | src.core.logger:log_event:23 - {"event": "error", "input": {"message": "validation error"}}
2026-01-22 14:38:59.295 | INFO     | src.core.logger:log_event:23 - {"event": "error", "input": {"message": "validation error"}}
2026-01-22 14:39:28.514 | INFO     | src.core.logger:log_event:23 - {"event": "error", "input": {"message": "validation error"}}
2026-01-22 14:39:46.248 | INFO     | src.core.logger:log_event:23 - {"event": "error", "input": {"message": "validation error"}}
2026-01-22 14:39:54.582 | INFO     | src.core.logger:log_event:23 - {"event": "prediction", "input": {"airline": "AA", "origin": "SFO", "destination": "LAX", "distance_km": 3000.0, "day_of_week": 3, "hour": 23}}
2026-01-22 14:40:12.250 | INFO     | src.core.logger:log_event:23 - {"event": "prediction", "input": {"airline": "AA", "origin": "SFO", "destination": "LAX", "distance_km": 3000.0, "day_of_week": 3, "hour": 23}}
2026-01-22 14:40:16.331 | INFO     | src.core.logger:log_event:23 - {"event": "error", "input": {"message": "validation error"}}
2026-01-22 14:40:28.778 | INFO     | src.core.logger:log_event:23 - {"event": "error", "input": {"message": "validation error"}}
